2019-03-13 09:57:31: SYSMEX XS-1000i handler started...
2019-03-13 09:57:31: Starting Server socket on port 5150
2019-03-13 09:57:31: Waiting for Equipment connection...
2019-03-13 09:57:31: Listening on port 5150...
2019-03-13 09:57:35: SYSMEX XS-1000i is now Connected...
2019-03-13 09:57:35: Client instance created
2019-03-13 09:57:35: Client instance created
2019-03-13 09:57:35: Client thread has started
2019-03-13 09:57:35: Client thread has started
2019-03-13 10:44:26: SYSMEX XS-1000i handler started...
2019-03-13 10:44:26: Starting Server socket on port 5150
2019-03-13 10:44:26: Waiting for Equipment connection...
2019-03-13 10:44:26: Listening on port 5150...
2019-03-13 10:44:30: SYSMEX XS-1000i is now Connected...
2019-03-13 10:44:30: Client instance created
2019-03-13 10:44:30: Client instance created
2019-03-13 10:44:30: Client thread has started
2019-03-13 10:44:30: Client thread has started
2019-03-13 11:18:35: SYSMEX XS-1000i handler started...
2019-03-13 11:18:35: Starting Server socket on port 5150
2019-03-13 11:18:35: could not listen on port :5150 Address already in use: JVM_Bind
2019-03-13 11:31:42: SYSMEX XS-1000i handler started...
2019-03-13 11:31:42: Starting Server socket on port 5150
2019-03-13 11:31:42: Waiting for Equipment connection...
2019-03-13 11:31:42: Listening on port 5150...
2019-03-13 11:31:55: SYSMEX XS-1000i is now Connected...
2019-03-13 11:31:55: Client instance created
2019-03-13 11:31:55: Client instance created
2019-03-13 11:31:55: Client thread has started
2019-03-13 11:31:55: Client thread has started
2019-03-13 11:35:52: SYSMEX XS-1000i handler started...
2019-03-13 11:35:52: Starting Server socket on port 5150
2019-03-13 11:35:52: could not listen on port :5150 Address already in use: JVM_Bind
2019-03-13 11:41:23: SYSMEX XS-1000i handler started...
2019-03-13 11:41:24: Starting Server socket on port 5150
2019-03-13 11:41:24: Waiting for Equipment connection...
2019-03-13 11:41:24: Listening on port 5150...
2019-03-13 11:41:27: SYSMEX XS-1000i is now Connected...
2019-03-13 11:41:27: Client instance created
2019-03-13 11:41:27: Client instance created
2019-03-13 11:41:27: Client thread has started
2019-03-13 11:41:27: Client thread has started
2019-03-13 11:58:45: SYSMEX XS-1000i handler started...
2019-03-13 11:58:45: Starting Server socket on port 5150
2019-03-13 11:58:45: could not listen on port :5150 Address already in use: JVM_Bind
2019-03-13 12:11:08: SYSMEX XS-1000i handler started...
2019-03-13 12:11:08: Starting Server socket on port 5150
2019-03-13 12:11:08: Waiting for Equipment connection...
2019-03-13 12:11:08: Listening on port 5150...
2019-03-13 12:11:11: SYSMEX XS-1000i is now Connected...
2019-03-13 12:11:11: Client instance created
2019-03-13 12:11:11: Client instance created
2019-03-13 12:11:11: Client thread has started
2019-03-13 12:11:11: Client thread has started
2019-03-13 12:13:29: SYSMEX XS-1000i handler started...
2019-03-13 12:13:29: Starting Server socket on port 5150
2019-03-13 12:13:29: could not listen on port :5150 Address already in use: JVM_Bind
2019-03-13 12:17:56: SYSMEX XS-1000i handler started...
2019-03-13 12:17:56: Starting Server socket on port 5150
2019-03-13 12:17:56: Waiting for Equipment connection...
2019-03-13 12:17:56: Listening on port 5150...
2019-03-13 12:17:56: SYSMEX XS-1000i is now Connected...
2019-03-13 12:17:56: Client instance created
2019-03-13 12:17:56: Client instance created
2019-03-13 12:17:56: Client thread has started
2019-03-13 12:17:56: Client thread has started
2019-03-13 12:26:19: SYSMEX XS-1000i handler started...
2019-03-13 12:26:19: Starting Server socket on port 5150
2019-03-13 12:26:19: Waiting for Equipment connection...
2019-03-13 12:26:19: Listening on port 5150...
2019-03-13 12:26:26: SYSMEX XS-1000i is now Connected...
2019-03-13 12:26:26: Client instance created
2019-03-13 12:26:26: Client instance created
2019-03-13 12:26:26: Client thread has started
2019-03-13 12:26:26: Client thread has started
2019-03-13 12:32:11: SYSMEX XS-1000i handler started...
2019-03-13 12:32:11: Starting Server socket on port 5150
2019-03-13 12:32:11: Waiting for Equipment connection...
2019-03-13 12:32:11: Listening on port 5150...
2019-03-13 12:32:13: SYSMEX XS-1000i is now Connected...
2019-03-13 12:32:13: Client instance created
2019-03-13 12:32:13: Client instance created
2019-03-13 12:32:13: Client thread has started
2019-03-13 12:32:13: Client thread has started
2019-03-13 12:38:34: SYSMEX XS-1000i handler started...
2019-03-13 12:38:34: Starting Server socket on port 5150
2019-03-13 12:38:34: could not listen on port :5150 Address already in use: JVM_Bind
2019-03-13 12:45:39: SYSMEX XS-1000i handler started...
2019-03-13 12:45:39: Starting Server socket on port 5150
2019-03-13 12:45:39: Waiting for Equipment connection...
2019-03-13 12:45:39: Listening on port 5150...
2019-03-13 12:46:02: SYSMEX XS-1000i is now Connected...
2019-03-13 12:46:02: Client instance created
2019-03-13 12:46:02: Client instance created
2019-03-13 12:46:02: Client thread has started
2019-03-13 12:46:02: Client thread has started
2019-03-13 12:52:27: SYSMEX XS-1000i handler started...
2019-03-13 12:52:27: Starting Server socket on port 5150
2019-03-13 12:52:27: could not listen on port :5150 Address already in use: JVM_Bind
2019-03-13 13:31:45: SYSMEX XS-1000i handler started...
2019-03-13 13:31:45: Starting Server socket on port 5150
2019-03-13 13:31:45: Waiting for Equipment connection...
2019-03-13 13:31:45: Listening on port 5150...
2019-03-13 13:31:48: SYSMEX XS-1000i is now Connected...
2019-03-13 13:31:48: Client instance created
2019-03-13 13:31:48: Client instance created
2019-03-13 13:31:48: Client thread has started
2019-03-13 13:31:48: Client thread has started
2019-03-13 13:35:41: SYSMEX XS-1000i handler started...
2019-03-13 13:35:41: Starting Server socket on port 5150
2019-03-13 13:35:41: Waiting for Equipment connection...
2019-03-13 13:35:41: Listening on port 5150...
2019-03-13 13:35:45: SYSMEX XS-1000i is now Connected...
2019-03-13 13:35:45: Client instance created
2019-03-13 13:35:45: Client instance created
2019-03-13 13:35:45: Client thread has started
2019-03-13 13:35:45: Client thread has started
