2018-10-03 10:25:28: SYSMEX XS-1000i handler started...
2018-10-03 10:25:28: Starting Server socket on port 5150
2018-10-03 10:25:28: Waiting for Equipment connection...
2018-10-03 10:25:28: Listening on port 5150...
2018-10-03 10:25:30: SYSMEX XS-1000i is now Connected...
2018-10-03 10:25:30: Client instance created
2018-10-03 10:25:30: Client instance created
2018-10-03 10:25:30: Client thread has started
2018-10-03 10:25:30: Client thread has started
2018-10-03 12:19:56: SYSMEX XS-1000i handler started...
2018-10-03 12:19:56: Starting Server socket on port 5150
2018-10-03 12:19:56: Waiting for Equipment connection...
2018-10-03 12:19:56: Listening on port 5150...
2018-10-03 12:19:59: SYSMEX XS-1000i is now Connected...
2018-10-03 12:19:59: Client instance created
2018-10-03 12:19:59: Client instance created
2018-10-03 12:19:59: Client thread has started
2018-10-03 12:19:59: Client thread has started
2018-10-03 12:59:04: SYSMEX XS-1000i handler started...
2018-10-03 12:59:04: Starting Server socket on port 5150
2018-10-03 12:59:04: Waiting for Equipment connection...
2018-10-03 12:59:04: Listening on port 5150...
2018-10-03 12:59:10: SYSMEX XS-1000i is now Connected...
2018-10-03 12:59:10: Client instance created
2018-10-03 12:59:10: Client instance created
2018-10-03 12:59:10: Client thread has started
2018-10-03 12:59:10: Client thread has started
2018-10-03 13:14:26: SYSMEX XS-1000i handler started...
2018-10-03 13:14:26: Starting Server socket on port 5150
2018-10-03 13:14:27: Waiting for Equipment connection...
2018-10-03 13:14:27: Listening on port 5150...
2018-10-03 13:14:29: SYSMEX XS-1000i is now Connected...
2018-10-03 13:14:29: Client instance created
2018-10-03 13:14:29: Client instance created
2018-10-03 13:14:29: Client thread has started
2018-10-03 13:14:29: Client thread has started
2018-10-03 13:21:01: SYSMEX XS-1000i handler started...
2018-10-03 13:21:02: Starting Server socket on port 5150
2018-10-03 13:21:02: Waiting for Equipment connection...
2018-10-03 13:21:02: Listening on port 5150...
2018-10-03 13:21:10: SYSMEX XS-1000i is now Connected...
2018-10-03 13:21:10: Client instance created
2018-10-03 13:21:10: Client instance created
2018-10-03 13:21:11: Client thread has started
2018-10-03 13:21:11: Client thread has started
2018-10-03 14:40:48: SYSMEX XS-1000i handler started...
2018-10-03 14:40:48: Starting Server socket on port 5150
2018-10-03 14:40:48: Waiting for Equipment connection...
2018-10-03 14:40:48: Listening on port 5150...
2018-10-03 14:40:51: SYSMEX XS-1000i is now Connected...
2018-10-03 14:40:51: Client instance created
2018-10-03 14:40:51: Client instance created
2018-10-03 14:40:51: Client thread has started
2018-10-03 14:40:51: Client thread has started
2018-10-03 19:33:07: SYSMEX XS-1000i handler started...
2018-10-03 19:33:07: Starting Server socket on port 5150
2018-10-03 19:33:07: Waiting for Equipment connection...
2018-10-03 19:33:07: Listening on port 5150...
2018-10-03 19:33:17: SYSMEX XS-1000i is now Connected...
2018-10-03 19:33:17: Client instance created
2018-10-03 19:33:17: Client instance created
2018-10-03 19:33:18: Client thread has started
2018-10-03 19:33:18: Client thread has started
