2019-03-04 07:16:16: SYSMEX XS-1000i handler started...
2019-03-04 07:16:16: Starting Server socket on port 5150
2019-03-04 07:16:16: Waiting for Equipment connection...
2019-03-04 07:16:17: Listening on port 5150...
2019-03-04 07:16:26: SYSMEX XS-1000i is now Connected...
2019-03-04 07:16:26: Client instance created
2019-03-04 07:16:26: Client instance created
2019-03-04 07:16:26: Client thread has started
2019-03-04 07:16:26: Client thread has started
2019-03-04 09:29:34: SYSMEX XS-1000i handler started...
2019-03-04 09:29:34: Starting Server socket on port 5150
2019-03-04 09:29:34: Waiting for Equipment connection...
2019-03-04 09:29:34: Listening on port 5150...
2019-03-04 09:29:39: SYSMEX XS-1000i is now Connected...
2019-03-04 09:29:39: Client instance created
2019-03-04 09:29:39: Client instance created
2019-03-04 09:29:39: Client thread has started
2019-03-04 09:29:39: Client thread has started
2019-03-04 10:07:50: SYSMEX XS-1000i handler started...
2019-03-04 10:07:50: Starting Server socket on port 5150
2019-03-04 10:07:50: Waiting for Equipment connection...
2019-03-04 10:07:50: Listening on port 5150...
2019-03-04 10:08:42: SYSMEX XS-1000i is now Connected...
2019-03-04 10:08:42: Client instance created
2019-03-04 10:08:42: Client instance created
2019-03-04 10:08:42: Client thread has started
2019-03-04 10:08:42: Client thread has started
