2018-12-11 10:27:14: SYSMEX XS-1000i handler started...
2018-12-11 10:27:14: Starting Server socket on port 5150
2018-12-11 10:27:14: Waiting for Equipment connection...
2018-12-11 10:27:14: Listening on port 5150...
2018-12-11 10:27:24: SYSMEX XS-1000i is now Connected...
2018-12-11 10:27:24: Client instance created
2018-12-11 10:27:24: Client instance created
2018-12-11 10:27:24: Client thread has started
2018-12-11 10:27:24: Client thread has started
2018-12-11 13:07:03: SYSMEX XS-1000i handler stopped
2018-12-11 13:07:03: Socket closed
2018-12-11 13:07:03: Socket closed
2018-12-11 13:07:05: SYSMEX XS-1000i handler started...
2018-12-11 13:07:05: Starting Server socket on port 5150
2018-12-11 13:07:05: Waiting for Equipment connection...
2018-12-11 13:07:05: Listening on port 5150...
2018-12-11 13:07:24: SYSMEX XS-1000i is now Connected...
2018-12-11 13:07:24: Client instance created
2018-12-11 13:07:24: Client instance created
2018-12-11 13:07:24: Client thread has started
2018-12-11 13:07:24: Client thread has started
2018-12-11 13:09:10: Socket closed
2018-12-11 13:09:10: Socket closed
2018-12-11 13:09:10: SYSMEX XS-1000i handler stopped
2018-12-11 13:09:11: SYSMEX XS-1000i handler started...
2018-12-11 13:09:11: Starting Server socket on port 5150
2018-12-11 13:09:11: Waiting for Equipment connection...
2018-12-11 13:09:11: Listening on port 5150...
2018-12-11 13:09:24: SYSMEX XS-1000i is now Connected...
2018-12-11 13:09:24: Client instance created
2018-12-11 13:09:24: Client instance created
2018-12-11 13:09:24: Client thread has started
2018-12-11 13:09:24: Client thread has started
2018-12-11 15:19:57: SYSMEX XS-1000i handler started...
2018-12-11 15:19:57: Starting Server socket on port 5150
2018-12-11 15:19:57: Waiting for Equipment connection...
2018-12-11 15:19:57: Listening on port 5150...
2018-12-11 15:20:06: SYSMEX XS-1000i is now Connected...
2018-12-11 15:20:06: Client instance created
2018-12-11 15:20:06: Client instance created
2018-12-11 15:20:06: Client thread has started
2018-12-11 15:20:06: Client thread has started
2018-12-11 15:28:03: SYSMEX XS-1000i handler started...
2018-12-11 15:28:04: Starting Server socket on port 5150
2018-12-11 15:28:04: Waiting for Equipment connection...
2018-12-11 15:28:04: Listening on port 5150...
2018-12-11 15:28:17: SYSMEX XS-1000i is now Connected...
2018-12-11 15:28:17: Client instance created
2018-12-11 15:28:17: Client instance created
2018-12-11 15:28:17: Client thread has started
2018-12-11 15:28:17: Client thread has started
