2018-09-13 09:19:29: SYSMEX XS-1000i handler started...
2018-09-13 09:19:29: Starting Server socket on port 5150
2018-09-13 09:19:29: Waiting for Equipment connection...
2018-09-13 09:19:29: Listening on port 5150...
2018-09-13 09:19:30: SYSMEX XS-1000i is now Connected...
2018-09-13 09:19:30: Client instance created
2018-09-13 09:19:30: Client instance created
2018-09-13 09:19:30: Client thread has started
2018-09-13 09:19:30: Client thread has started
2018-09-13 09:42:16: SYSMEX XS-1000i handler started...
2018-09-13 09:42:16: Starting Server socket on port 5150
2018-09-13 09:42:16: Waiting for Equipment connection...
2018-09-13 09:42:16: Listening on port 5150...
2018-09-13 09:42:18: SYSMEX XS-1000i is now Connected...
2018-09-13 09:42:18: Client instance created
2018-09-13 09:42:18: Client instance created
2018-09-13 09:42:18: Client thread has started
2018-09-13 09:42:18: Client thread has started
2018-09-13 10:21:36: SYSMEX XS-1000i handler started...
2018-09-13 10:21:36: Starting Server socket on port 5150
2018-09-13 10:21:36: Waiting for Equipment connection...
2018-09-13 10:21:36: Listening on port 5150...
2018-09-13 10:21:41: SYSMEX XS-1000i is now Connected...
2018-09-13 10:21:41: Client instance created
2018-09-13 10:21:41: Client instance created
2018-09-13 10:21:41: Client thread has started
2018-09-13 10:21:41: Client thread has started
2018-09-13 10:28:02: SYSMEX XS-1000i handler started...
2018-09-13 10:28:02: Starting Server socket on port 5150
2018-09-13 10:28:02: Waiting for Equipment connection...
2018-09-13 10:28:02: Listening on port 5150...
2018-09-13 10:28:07: SYSMEX XS-1000i is now Connected...
2018-09-13 10:28:07: Client instance created
2018-09-13 10:28:07: Client instance created
2018-09-13 10:28:07: Client thread has started
2018-09-13 10:28:07: Client thread has started
2018-09-13 11:06:14: SYSMEX XS-1000i handler started...
2018-09-13 11:06:14: Starting Server socket on port 5150
2018-09-13 11:06:14: Waiting for Equipment connection...
2018-09-13 11:06:14: Listening on port 5150...
2018-09-13 11:06:21: SYSMEX XS-1000i is now Connected...
2018-09-13 11:06:21: Client instance created
2018-09-13 11:06:21: Client instance created
2018-09-13 11:06:21: Client thread has started
2018-09-13 11:06:21: Client thread has started
