2018-05-02 09:17:39: SYSMEX XS-1000i handler started...
2018-05-02 09:17:39: Starting Server socket on port 5150
2018-05-02 09:17:39: Waiting for Equipment connection...
2018-05-02 09:17:39: Listening on port 5150...
2018-05-02 09:17:40: SYSMEX XS-1000i is now Connected...
2018-05-02 09:17:40: Client instance created
2018-05-02 09:17:40: Client instance created
2018-05-02 09:17:40: Client thread has started
2018-05-02 09:17:40: Client thread has started
2018-05-02 10:18:15: SYSMEX XS-1000i handler started...
2018-05-02 10:18:15: Starting Server socket on port 5150
2018-05-02 10:18:15: Waiting for Equipment connection...
2018-05-02 10:18:15: Listening on port 5150...
2018-05-02 10:18:20: SYSMEX XS-1000i is now Connected...
2018-05-02 10:18:20: Client instance created
2018-05-02 10:18:20: Client instance created
2018-05-02 10:18:20: Client thread has started
2018-05-02 10:18:20: Client thread has started
2018-05-02 10:22:49: SYSMEX XS-1000i handler started...
2018-05-02 10:22:49: Starting Server socket on port 5150
2018-05-02 10:22:49: Waiting for Equipment connection...
2018-05-02 10:22:49: Listening on port 5150...
2018-05-02 10:22:54: SYSMEX XS-1000i is now Connected...
2018-05-02 10:22:54: Client instance created
2018-05-02 10:22:54: Client instance created
2018-05-02 10:22:54: Client thread has started
2018-05-02 10:22:54: Client thread has started
