2019-01-05 09:18:10: SYSMEX XS-1000i handler started...
2019-01-05 09:18:10: Starting Server socket on port 5150
2019-01-05 09:18:10: Waiting for Equipment connection...
2019-01-05 09:18:10: Listening on port 5150...
2019-01-05 09:18:14: SYSMEX XS-1000i is now Connected...
2019-01-05 09:18:14: Client instance created
2019-01-05 09:18:14: Client instance created
2019-01-05 09:18:14: Client thread has started
2019-01-05 09:18:14: Client thread has started
2019-01-05 10:55:02: SYSMEX XS-1000i handler started...
2019-01-05 10:55:02: Starting Server socket on port 5150
2019-01-05 10:55:02: Waiting for Equipment connection...
2019-01-05 10:55:02: Listening on port 5150...
2019-01-05 10:55:10: SYSMEX XS-1000i is now Connected...
2019-01-05 10:55:10: Client instance created
2019-01-05 10:55:10: Client instance created
2019-01-05 10:55:10: Client thread has started
2019-01-05 10:55:10: Client thread has started
2019-01-05 11:01:16: SYSMEX XS-1000i handler started...
2019-01-05 11:01:16: Starting Server socket on port 5150
2019-01-05 11:01:16: Waiting for Equipment connection...
2019-01-05 11:01:16: Listening on port 5150...
2019-01-05 11:01:22: SYSMEX XS-1000i is now Connected...
2019-01-05 11:01:22: Client instance created
2019-01-05 11:01:22: Client instance created
2019-01-05 11:01:22: Client thread has started
2019-01-05 11:01:22: Client thread has started
