2018-12-20 08:45:03: SYSMEX XS-1000i handler started...
2018-12-20 08:45:03: Starting Server socket on port 5150
2018-12-20 08:45:03: Waiting for Equipment connection...
2018-12-20 08:45:03: Listening on port 5150...
2018-12-20 08:45:06: SYSMEX XS-1000i is now Connected...
2018-12-20 08:45:06: Client instance created
2018-12-20 08:45:06: Client instance created
2018-12-20 08:45:06: Client thread has started
2018-12-20 08:45:06: Client thread has started
2018-12-20 17:25:04: SYSMEX XS-1000i handler started...
2018-12-20 17:25:04: Starting Server socket on port 5150
2018-12-20 17:25:04: Waiting for Equipment connection...
2018-12-20 17:25:04: Listening on port 5150...
2018-12-20 17:25:09: SYSMEX XS-1000i is now Connected...
2018-12-20 17:25:09: Client instance created
2018-12-20 17:25:09: Client instance created
2018-12-20 17:25:09: Client thread has started
2018-12-20 17:25:09: Client thread has started
2018-12-20 18:21:47: SYSMEX XS-1000i handler started...
2018-12-20 18:21:47: Starting Server socket on port 5150
2018-12-20 18:21:47: Waiting for Equipment connection...
2018-12-20 18:21:47: Listening on port 5150...
2018-12-20 18:21:50: SYSMEX XS-1000i is now Connected...
2018-12-20 18:21:50: Client instance created
2018-12-20 18:21:50: Client instance created
2018-12-20 18:21:50: Client thread has started
2018-12-20 18:21:50: Client thread has started
