2019-03-01 08:23:32: SYSMEX XS-1000i handler started...
2019-03-01 08:23:32: Starting Server socket on port 5150
2019-03-01 08:23:32: Waiting for Equipment connection...
2019-03-01 08:23:32: Listening on port 5150...
2019-03-01 08:23:42: SYSMEX XS-1000i is now Connected...
2019-03-01 08:23:42: Client instance created
2019-03-01 08:23:42: Client instance created
2019-03-01 08:23:42: Client thread has started
2019-03-01 08:23:42: Client thread has started
2019-03-01 10:57:57: SYSMEX XS-1000i handler started...
2019-03-01 10:57:57: Starting Server socket on port 5150
2019-03-01 10:57:57: Waiting for Equipment connection...
2019-03-01 10:57:57: Listening on port 5150...
2019-03-01 10:58:00: SYSMEX XS-1000i is now Connected...
2019-03-01 10:58:00: Client instance created
2019-03-01 10:58:00: Client instance created
2019-03-01 10:58:00: Client thread has started
2019-03-01 10:58:00: Client thread has started
2019-03-01 11:21:11: SYSMEX XS-1000i handler started...
2019-03-01 11:21:11: Starting Server socket on port 5150
2019-03-01 11:21:11: Waiting for Equipment connection...
2019-03-01 11:21:11: Listening on port 5150...
2019-03-01 11:21:16: SYSMEX XS-1000i is now Connected...
2019-03-01 11:21:16: Client instance created
2019-03-01 11:21:16: Client instance created
2019-03-01 11:21:16: Client thread has started
2019-03-01 11:21:16: Client thread has started
