2019-02-21 10:37:13: SYSMEX XS-1000i handler started...
2019-02-21 10:37:13: Starting Server socket on port 5150
2019-02-21 10:37:13: Waiting for Equipment connection...
2019-02-21 10:37:13: Listening on port 5150...
2019-02-21 10:38:05: SYSMEX XS-1000i is now Connected...
2019-02-21 10:38:05: Client instance created
2019-02-21 10:38:05: Client instance created
2019-02-21 10:38:05: Client thread has started
2019-02-21 10:38:05: Client thread has started
2019-02-21 11:43:14: SYSMEX XS-1000i handler started...
2019-02-21 11:43:14: Starting Server socket on port 5150
2019-02-21 11:43:14: Waiting for Equipment connection...
2019-02-21 11:43:14: Listening on port 5150...
2019-02-21 11:43:27: SYSMEX XS-1000i is now Connected...
2019-02-21 11:43:27: Client instance created
2019-02-21 11:43:27: Client instance created
2019-02-21 11:43:27: Client thread has started
2019-02-21 11:43:27: Client thread has started
2019-02-21 16:15:33: SYSMEX XS-1000i handler started...
2019-02-21 16:15:33: Starting Server socket on port 5150
2019-02-21 16:15:33: Waiting for Equipment connection...
2019-02-21 16:15:33: Listening on port 5150...
2019-02-21 16:15:37: SYSMEX XS-1000i is now Connected...
2019-02-21 16:15:37: Client instance created
2019-02-21 16:15:37: Client instance created
2019-02-21 16:15:37: Client thread has started
2019-02-21 16:15:37: Client thread has started
