2018-12-05 09:19:20: SYSMEX XS-1000i handler started...
2018-12-05 09:19:20: Starting Server socket on port 5150
2018-12-05 09:19:20: Waiting for Equipment connection...
2018-12-05 09:19:20: Listening on port 5150...
2018-12-05 09:19:31: SYSMEX XS-1000i is now Connected...
2018-12-05 09:19:31: Client instance created
2018-12-05 09:19:31: Client instance created
2018-12-05 09:19:31: Client thread has started
2018-12-05 09:19:31: Client thread has started
2018-12-05 10:33:25: SYSMEX XS-1000i handler started...
2018-12-05 10:33:25: Starting Server socket on port 5150
2018-12-05 10:33:25: Waiting for Equipment connection...
2018-12-05 10:33:25: Listening on port 5150...
2018-12-05 10:33:29: SYSMEX XS-1000i is now Connected...
2018-12-05 10:33:29: Client instance created
2018-12-05 10:33:29: Client instance created
2018-12-05 10:33:29: Client thread has started
2018-12-05 10:33:29: Client thread has started
2018-12-05 16:16:46: SYSMEX XS-1000i handler started...
2018-12-05 16:16:47: Starting Server socket on port 5150
2018-12-05 16:16:47: Waiting for Equipment connection...
2018-12-05 16:16:47: Listening on port 5150...
2018-12-05 16:17:00: SYSMEX XS-1000i is now Connected...
2018-12-05 16:17:00: Client instance created
2018-12-05 16:17:00: Client instance created
2018-12-05 16:17:00: Client thread has started
2018-12-05 16:17:00: Client thread has started
