2018-12-28 10:13:50: SYSMEX XS-1000i handler started...
2018-12-28 10:13:50: Starting Server socket on port 5150
2018-12-28 10:13:50: Waiting for Equipment connection...
2018-12-28 10:13:50: Listening on port 5150...
2018-12-28 10:14:00: SYSMEX XS-1000i is now Connected...
2018-12-28 10:14:00: Client instance created
2018-12-28 10:14:00: Client instance created
2018-12-28 10:14:00: Client thread has started
2018-12-28 10:14:00: Client thread has started
2018-12-28 10:19:41: SYSMEX XS-1000i handler started...
2018-12-28 10:19:41: Starting Server socket on port 5150
2018-12-28 10:19:41: Waiting for Equipment connection...
2018-12-28 10:19:41: Listening on port 5150...
2018-12-28 10:19:53: SYSMEX XS-1000i is now Connected...
2018-12-28 10:19:53: Client instance created
2018-12-28 10:19:53: Client instance created
2018-12-28 10:19:53: Client thread has started
2018-12-28 10:19:53: Client thread has started
2018-12-28 16:14:08: SYSMEX XS-1000i handler started...
2018-12-28 16:14:08: Starting Server socket on port 5150
2018-12-28 16:14:08: Waiting for Equipment connection...
2018-12-28 16:14:08: Listening on port 5150...
2018-12-28 16:14:18: SYSMEX XS-1000i is now Connected...
2018-12-28 16:14:18: Client instance created
2018-12-28 16:14:18: Client instance created
2018-12-28 16:14:18: Client thread has started
2018-12-28 16:14:18: Client thread has started
2018-12-28 18:01:38: SYSMEX XS-1000i handler started...
2018-12-28 18:01:38: Starting Server socket on port 5150
2018-12-28 18:01:38: Waiting for Equipment connection...
2018-12-28 18:01:38: Listening on port 5150...
2018-12-28 18:01:43: SYSMEX XS-1000i is now Connected...
2018-12-28 18:01:43: Client instance created
2018-12-28 18:01:43: Client instance created
2018-12-28 18:01:43: Client thread has started
2018-12-28 18:01:43: Client thread has started
