2018-07-16 11:10:11: SYSMEX XS-1000i handler started...
2018-07-16 11:10:11: Starting Server socket on port 5150
2018-07-16 11:10:11: Waiting for Equipment connection...
2018-07-16 11:10:11: Listening on port 5150...
2018-07-16 11:10:16: SYSMEX XS-1000i is now Connected...
2018-07-16 11:10:16: Client instance created
2018-07-16 11:10:16: Client instance created
2018-07-16 11:10:16: Client thread has started
2018-07-16 11:10:16: Client thread has started
2018-07-16 11:21:08: SYSMEX XS-1000i handler started...
2018-07-16 11:21:08: Starting Server socket on port 5150
2018-07-16 11:21:08: Waiting for Equipment connection...
2018-07-16 11:21:08: Listening on port 5150...
2018-07-16 11:21:14: SYSMEX XS-1000i is now Connected...
2018-07-16 11:21:14: Client instance created
2018-07-16 11:21:14: Client instance created
2018-07-16 11:21:14: Client thread has started
2018-07-16 11:21:15: Client thread has started
2018-07-16 11:22:54: SYSMEX XS-1000i handler started...
2018-07-16 11:22:54: Starting Server socket on port 5150
2018-07-16 11:22:54: Waiting for Equipment connection...
2018-07-16 11:22:54: Listening on port 5150...
2018-07-16 11:23:01: SYSMEX XS-1000i is now Connected...
2018-07-16 11:23:01: Client instance created
2018-07-16 11:23:01: Client instance created
2018-07-16 11:23:01: Client thread has started
2018-07-16 11:23:01: Client thread has started
2018-07-16 12:08:33: SYSMEX XS-1000i handler started...
2018-07-16 12:08:33: Starting Server socket on port 5150
2018-07-16 12:08:33: Waiting for Equipment connection...
2018-07-16 12:08:33: Listening on port 5150...
2018-07-16 12:08:44: SYSMEX XS-1000i is now Connected...
2018-07-16 12:08:44: Client instance created
2018-07-16 12:08:44: Client instance created
2018-07-16 12:08:44: Client thread has started
2018-07-16 12:08:44: Client thread has started
2018-07-16 15:13:31: SYSMEX XS-1000i handler started...
2018-07-16 15:13:31: Starting Server socket on port 5150
2018-07-16 15:13:31: Waiting for Equipment connection...
2018-07-16 15:13:31: Listening on port 5150...
2018-07-16 15:13:40: SYSMEX XS-1000i is now Connected...
2018-07-16 15:13:40: Client instance created
2018-07-16 15:13:40: Client instance created
2018-07-16 15:13:40: Client thread has started
2018-07-16 15:13:40: Client thread has started
