2019-02-28 06:30:05: SYSMEX XS-1000i handler started...
2019-02-28 06:30:05: Starting Server socket on port 5150
2019-02-28 06:30:05: Waiting for Equipment connection...
2019-02-28 06:30:05: Listening on port 5150...
2019-02-28 06:30:17: SYSMEX XS-1000i is now Connected...
2019-02-28 06:30:17: Client instance created
2019-02-28 06:30:17: Client instance created
2019-02-28 06:30:17: Client thread has started
2019-02-28 06:30:17: Client thread has started
2019-02-28 17:38:07: SYSMEX XS-1000i handler started...
2019-02-28 17:38:07: Starting Server socket on port 5150
2019-02-28 17:38:07: Waiting for Equipment connection...
2019-02-28 17:38:07: Listening on port 5150...
2019-02-28 17:38:09: SYSMEX XS-1000i is now Connected...
2019-02-28 17:38:09: Client instance created
2019-02-28 17:38:09: Client instance created
2019-02-28 17:38:09: Client thread has started
2019-02-28 17:38:09: Client thread has started
2019-02-28 22:10:24: SYSMEX XS-1000i handler started...
2019-02-28 22:10:24: Starting Server socket on port 5150
2019-02-28 22:10:24: Waiting for Equipment connection...
2019-02-28 22:10:24: Listening on port 5150...
2019-02-28 22:10:32: SYSMEX XS-1000i is now Connected...
2019-02-28 22:10:32: Client instance created
2019-02-28 22:10:32: Client instance created
2019-02-28 22:10:32: Client thread has started
2019-02-28 22:10:32: Client thread has started
