2019-01-08 09:01:00: SYSMEX XS-1000i handler started...
2019-01-08 09:01:00: Starting Server socket on port 5150
2019-01-08 09:01:00: Waiting for Equipment connection...
2019-01-08 09:01:00: Listening on port 5150...
2019-01-08 09:01:10: SYSMEX XS-1000i is now Connected...
2019-01-08 09:01:10: Client instance created
2019-01-08 09:01:10: Client instance created
2019-01-08 09:01:10: Client thread has started
2019-01-08 09:01:10: Client thread has started
2019-01-08 10:18:07: SYSMEX XS-1000i handler started...
2019-01-08 10:18:07: Starting Server socket on port 5150
2019-01-08 10:18:07: Waiting for Equipment connection...
2019-01-08 10:18:07: Listening on port 5150...
2019-01-08 10:18:10: SYSMEX XS-1000i is now Connected...
2019-01-08 10:18:10: Client instance created
2019-01-08 10:18:10: Client instance created
2019-01-08 10:18:10: Client thread has started
2019-01-08 10:18:10: Client thread has started
2019-01-08 19:07:17: SYSMEX XS-1000i handler started...
2019-01-08 19:07:17: Starting Server socket on port 5150
2019-01-08 19:07:17: Waiting for Equipment connection...
2019-01-08 19:07:17: Listening on port 5150...
2019-01-08 19:07:21: SYSMEX XS-1000i is now Connected...
2019-01-08 19:07:21: Client instance created
2019-01-08 19:07:21: Client instance created
2019-01-08 19:07:21: Client thread has started
2019-01-08 19:07:21: Client thread has started
