2018-12-12 10:14:22: SYSMEX XS-1000i handler started...
2018-12-12 10:14:22: Starting Server socket on port 5150
2018-12-12 10:14:22: Waiting for Equipment connection...
2018-12-12 10:14:22: Listening on port 5150...
2018-12-12 10:14:30: SYSMEX XS-1000i is now Connected...
2018-12-12 10:14:30: Client instance created
2018-12-12 10:14:30: Client instance created
2018-12-12 10:14:30: Client thread has started
2018-12-12 10:14:30: Client thread has started
2018-12-12 10:17:50: SYSMEX XS-1000i handler started...
2018-12-12 10:17:50: Starting Server socket on port 5150
2018-12-12 10:17:50: Waiting for Equipment connection...
2018-12-12 10:17:50: Listening on port 5150...
2018-12-12 10:17:59: SYSMEX XS-1000i is now Connected...
2018-12-12 10:17:59: Client instance created
2018-12-12 10:17:59: Client instance created
2018-12-12 10:17:59: Client thread has started
2018-12-12 10:17:59: Client thread has started
2018-12-12 16:55:59: SYSMEX XS-1000i handler started...
2018-12-12 16:55:59: Starting Server socket on port 5150
2018-12-12 16:55:59: Waiting for Equipment connection...
2018-12-12 16:55:59: Listening on port 5150...
2018-12-12 16:56:07: SYSMEX XS-1000i is now Connected...
2018-12-12 16:56:07: Client instance created
2018-12-12 16:56:07: Client instance created
2018-12-12 16:56:07: Client thread has started
2018-12-12 16:56:07: Client thread has started
2018-12-12 17:00:26: SYSMEX XS-1000i handler started...
2018-12-12 17:00:26: Starting Server socket on port 5150
2018-12-12 17:00:26: Waiting for Equipment connection...
2018-12-12 17:00:26: Listening on port 5150...
2018-12-12 17:00:30: SYSMEX XS-1000i is now Connected...
2018-12-12 17:00:30: Client instance created
2018-12-12 17:00:30: Client instance created
2018-12-12 17:00:30: Client thread has started
2018-12-12 17:00:30: Client thread has started
