2018-12-17 09:16:26: SYSMEX XS-1000i handler started...
2018-12-17 09:16:26: Starting Server socket on port 5150
2018-12-17 09:16:26: Waiting for Equipment connection...
2018-12-17 09:16:26: Listening on port 5150...
2018-12-17 09:16:29: SYSMEX XS-1000i is now Connected...
2018-12-17 09:16:29: Client instance created
2018-12-17 09:16:29: Client instance created
2018-12-17 09:16:29: Client thread has started
2018-12-17 09:16:29: Client thread has started
2018-12-17 09:21:20: SYSMEX XS-1000i handler started...
2018-12-17 09:21:20: Starting Server socket on port 5150
2018-12-17 09:21:20: Waiting for Equipment connection...
2018-12-17 09:21:20: Listening on port 5150...
2018-12-17 09:21:23: SYSMEX XS-1000i is now Connected...
2018-12-17 09:21:23: Client instance created
2018-12-17 09:21:23: Client instance created
2018-12-17 09:21:23: Client thread has started
2018-12-17 09:21:23: Client thread has started
2018-12-17 16:29:58: SYSMEX XS-1000i handler started...
2018-12-17 16:29:58: Starting Server socket on port 5150
2018-12-17 16:29:58: Waiting for Equipment connection...
2018-12-17 16:29:58: Listening on port 5150...
2018-12-17 16:30:01: SYSMEX XS-1000i is now Connected...
2018-12-17 16:30:01: Client instance created
2018-12-17 16:30:01: Client instance created
2018-12-17 16:30:01: Client thread has started
2018-12-17 16:30:01: Client thread has started
